<component name="libraryTable">
  <library name="junit_formatter" type="mix">
    <CLASSES />
    <JAVADOC />
    <SOURCES />
  </library>
</component>